<?xml version="1.0" encoding="UTF-8"?>
<testsuite xmlns:xsi="http://www.w3.org/2001/XMLSchema-instance" xsi:noNamespaceSchemaLocation="https://maven.apache.org/surefire/maven-surefire-plugin/xsd/surefire-test-report-3.0.xsd" version="3.0" name="com.example.securingweb.SecuringWebApplicationTests" time="4.928" tests="5" errors="0" skipped="0" failures="0">
  <properties>
[...]
</properties>
  <testcase name="accessUnsecuredResourceThenOk" classname="com.example.securingweb.SecuringWebApplicationTests" time="1.852">
    <system-out><![CDATA[15:34:15.761 [main] INFO org.springframework.test.context.support.AnnotationConfigContextLoaderUtils -- Could not detect default configuration classes for test class [com.example.securingweb.SecuringWebApplicationTests]: SecuringWebApplicationTests does not declare any static, non-private, non-final, nested classes annotated with @Configuration.
15:34:15.907 [main] INFO org.springframework.boot.test.context.SpringBootTestContextBootstrapper -- Found @SpringBootConfiguration com.example.securingweb.SecuringWebApplication for test class com.example.securingweb.SecuringWebApplicationTests

  .   ____          _            __ _ _
 /\\ / ___'_ __ _ _(_)_ __  __ _ \ \ \ \
( ( )\___ | '_ | '_| | '_ \/ _` | \ \ \ \
 \\/  ___)| |_)| | | | | || (_| |  ) ) ) )
  '  |____| .__|_| |_|_| |_\__, | / / / /
 =========|_|==============|___/=/_/_/_/
 :: Spring Boot ::                (v3.2.0)

2024-01-31T15:34:16.392-08:00  INFO 14828 --- [           main] c.e.s.SecuringWebApplicationTests        : Starting SecuringWebApplicationTests using Java 21.0.1 with PID 14828 (started by johnn in C:\Users\johnn\java-ws\SecurityMVC)
2024-01-31T15:34:16.394-08:00  INFO 14828 --- [           main] c.e.s.SecuringWebApplicationTests        : No active profile set, falling back to 1 default profile: "default"
2024-01-31T15:34:17.412-08:00  WARN 14828 --- [           main] o.s.security.core.userdetails.User       : User.withDefaultPasswordEncoder() is considered unsafe for production and is only intended for sample applications.
2024-01-31T15:34:17.843-08:00  INFO 14828 --- [           main] o.s.s.web.DefaultSecurityFilterChain     : Will secure any request with [org.springframework.security.web.session.DisableEncodeUrlFilter@a09303, org.springframework.security.web.context.request.async.WebAsyncManagerIntegrationFilter@1163a27, org.springframework.security.web.context.SecurityContextHolderFilter@40247d48, org.springframework.security.web.header.HeaderWriterFilter@124dac75, org.springframework.web.filter.CorsFilter@322ba549, org.springframework.security.web.csrf.CsrfFilter@43c57161, org.springframework.security.web.authentication.logout.LogoutFilter@558b4942, org.springframework.security.web.authentication.UsernamePasswordAuthenticationFilter@2f10f633, org.springframework.security.web.savedrequest.RequestCacheAwareFilter@14c93774, org.springframework.security.web.servletapi.SecurityContextHolderAwareRequestFilter@62a68bcb, org.springframework.security.web.authentication.AnonymousAuthenticationFilter@502a4156, org.springframework.security.web.access.ExceptionTranslationFilter@5a545b0f, org.springframework.security.web.access.intercept.AuthorizationFilter@45ab3bdd]
2024-01-31T15:34:18.183-08:00  INFO 14828 --- [           main] o.s.b.t.m.w.SpringBootMockServletContext : Initializing Spring TestDispatcherServlet ''
2024-01-31T15:34:18.183-08:00  INFO 14828 --- [           main] o.s.t.web.servlet.TestDispatcherServlet  : Initializing Servlet ''
2024-01-31T15:34:18.184-08:00  INFO 14828 --- [           main] o.s.t.web.servlet.TestDispatcherServlet  : Completed initialization in 1 ms
2024-01-31T15:34:18.208-08:00  INFO 14828 --- [           main] c.e.s.SecuringWebApplicationTests        : Started SecuringWebApplicationTests in 2.121 seconds (process running for 3.376)
2024-01-31T15:34:19.651-08:00  WARN 14828 --- [           main] o.s.w.s.h.HandlerMappingIntrospector     : Cache miss for REQUEST dispatch to '/' (previous null). Performing CorsConfiguration lookup. This is logged once only at WARN level, and every time at TRACE.
]]></system-out>
    <system-err><![CDATA[WARNING: A Java agent has been loaded dynamically (C:\Users\johnn\.m2\repository\net\bytebuddy\byte-buddy-agent\1.14.10\byte-buddy-agent-1.14.10.jar)
WARNING: If a serviceability tool is in use, please run with -XX:+EnableDynamicAgentLoading to hide this warning
WARNING: If a serviceability tool is not in use, please run with -Djdk.instrument.traceUsage for more information
WARNING: Dynamic loading of agents will be disallowed by default in a future release
]]></system-err>
  </testcase>
  <testcase name="accessSecuredResourceUnauthenticatedThenRedirectsToLogin" classname="com.example.securingweb.SecuringWebApplicationTests" time="0.018"/>
  <testcase name="loginWithInvalidUserThenUnauthenticated" classname="com.example.securingweb.SecuringWebApplicationTests" time="0.163"/>
  <testcase name="loginWithValidUserThenAuthenticated" classname="com.example.securingweb.SecuringWebApplicationTests" time="0.079"/>
  <testcase name="accessSecuredResourceAuthenticatedThenOk" classname="com.example.securingweb.SecuringWebApplicationTests" time="0.081"/>
</testsuite>